<?xml version="1.0" encoding="UTF-8"?>
<!-- Generated by org.testng.reporters.JUnitReportReporter -->
<testsuite skipped="0" hostname="DESKTOP-VVL9I9Q" name="testCases.LoginPageTest" tests="2" failures="0" timestamp="13 Dec 2020 00:08:10 GMT" time="25.492" errors="0">
  <testcase name="loginTest" time="13.322" classname="testCases.LoginPageTest"/>
  <testcase name="loginpageTitleTest" time="12.170" classname="testCases.LoginPageTest"/>
</testsuite> <!-- testCases.LoginPageTest -->
